<?xml version="1.0" encoding="UTF-8" standalone="yes"?>
<testsuites time="0.086" tests="1" failures="0" errors="0">
    <testsuite tests="1" failures="0" errors="0" time="0.086" timestamp="2018-04-17T12:49:34">
        <properties>
            <property name="awt.toolkit" value="sun.awt.windows.WToolkit"/>
            <property name="classworlds.conf" value="C:/Program Files/maven-3.5.3/bin/m2.conf"/>
            <property name="env.ACLOCAL_PATH" value="C:\Program Files\Git\mingw64\share\aclocal;C:\Program Files\Git\usr\share\aclocal"/>
            <property name="env.ALLUSERSPROFILE" value="C:\ProgramData"/>
            <property name="env.APPDATA" value="C:\Users\Jamel\AppData\Roaming"/>
            <property name="env.COMMONPROGRAMFILES" value="C:\Program Files\Common Files"/>
            <property name="env.COMMONPROGRAMFILES(X86)" value="C:\Program Files (x86)\Common Files"/>
            <property name="env.COMMONPROGRAMW6432" value="C:\Program Files\Common Files"/>
            <property name="env.COMPUTERNAME" value="DESKTOP-3H6T728"/>
            <property name="env.COMSPEC" value="C:\WINDOWS\system32\cmd.exe"/>
            <property name="env.CONFIG_SITE" value="C:/Program Files/Git/mingw64/etc/config.site"/>
            <property name="env.DASHLANE_DLL_DIR" value="C:\Users\Jamel\AppData\Roaming\Dashlane\5.10.0.18444\bin\Firefox_Extension\{442718d9-475e-452a-b3e1-fb1ee16b8e9f}\components;C:\Users\Jamel\AppData\Roaming\Dashlane\5.10.0.18444\ucrt"/>
            <property name="env.DISPLAY" value="needs-to-be-defined"/>
            <property name="env.EXEPATH" value="C:\Program Files\Git"/>
            <property name="env.HOME" value="C:\Users\Jamel"/>
            <property name="env.HOMEDRIVE" value="C:"/>
            <property name="env.HOMEPATH" value="\Users\Jamel"/>
            <property name="env.HOSTNAME" value="DESKTOP-3H6T728"/>
            <property name="env.INFOPATH" value="C:\Program Files\Git\usr\local\info;C:\Program Files\Git\usr\share\info;C:\Program Files\Git\usr\info;C:\Program Files\Git\share\info"/>
            <property name="env.JAVA_HOME" value="C:/Program Files/Java/jdk1.8.0_161"/>
            <property name="env.JD2_HOME" value="C:\Users\Jamel\AppData\Local\JDownloader 2.0"/>
            <property name="env.LANG" value="en_US.UTF-8"/>
            <property name="env.LOCALAPPDATA" value="C:\Users\Jamel\AppData\Local"/>
            <property name="env.LOGONSERVER" value="\\DESKTOP-3H6T728"/>
            <property name="env.MANPATH" value="C:\Program Files\Git\mingw64\share\man;C:\Program Files\Git\usr\local\man;C:\Program Files\Git\usr\share\man;C:\Program Files\Git\usr\man;C:\Program Files\Git\share\man"/>
            <property name="env.MAVEN_CMD_LINE_ARGS" value=" graphwalker:test"/>
            <property name="env.MAVEN_PROJECTBASEDIR" value="C:/Users/Jamel/Downloads/runnerup-master/runnerup-master/app/myProject"/>
            <property name="env.MINGW_CHOST" value="x86_64-w64-mingw32"/>
            <property name="env.MINGW_PACKAGE_PREFIX" value="mingw-w64-x86_64"/>
            <property name="env.MINGW_PREFIX" value="C:/Program Files/Git/mingw64"/>
            <property name="env.MOZ_PLUGIN_PATH" value="C:\Program Files (x86)\Foxit Software\Foxit Reader\plugins\"/>
            <property name="env.MSYSTEM" value="MINGW64"/>
            <property name="env.MSYSTEM_CARCH" value="x86_64"/>
            <property name="env.MSYSTEM_CHOST" value="x86_64-w64-mingw32"/>
            <property name="env.MSYSTEM_PREFIX" value="C:/Program Files/Git/mingw64"/>
            <property name="env.NUMBER_OF_PROCESSORS" value="8"/>
            <property name="env.OLDPWD" value="C:/Users/Jamel/Downloads/runnerup-master/runnerup-master/app/myProject"/>
            <property name="env.ONEDRIVE" value="C:\Users\Jamel\OneDrive - student.gu.se"/>
            <property name="env.ORIGINAL_PATH" value="C:\Program Files\Git\mingw64\bin;C:\Program Files\Git\usr\bin;C:\Users\Jamel\bin;C:\ProgramData\Oracle\Java\javapath;C:\WINDOWS\system32;C:\WINDOWS;C:\WINDOWS\System32\Wbem;C:\WINDOWS\System32\WindowsPowerShell\v1.0;C:\Program Files\Git\cmd;C:\Program Files\dotnet;C:\Program Files\Python27;C:\Program Files\nodejs;C:\Program Files\maven-3.5.3\bin;C:\Program Files\Java\jdk1.8.0_161\bin;C:\Users\Jamel\scoop\shims;C:\Users\Jamel\AppData\Local\Microsoft\WindowsApps;C:\Program Files\Microsoft VS Code\bin;C:\Python27;C:\Program Files\Python27;C:\Users\Jamel\AppData\Roaming\Dashlane\5.8.0.17084\bin\Firefox_Extension\{442718d9-475e-452a-b3e1-fb1ee16b8e9f}\components;C:\Users\Jamel\AppData\Roaming\Dashlane\5.8.0.17084\ucrt;C:\Users\Jamel\AppData\Roaming\npm;C:\Users\Jamel\AppData\Local\Programs\MiKTeX 2.9\miktex\bin\x64;C:\Users\Jamel\AppData\Local\atom\bin;C:\Users\Jamel\AppData\Roaming\Dashlane\5.10.0.18444\bin\Firefox_Extension\{442718d9-475e-452a-b3e1-fb1ee16b8e9f}\components;C:\Users\Jamel\AppData\Roaming\Dashlane\5.10.0.18444\ucrt;C:\Program Files\maven-3.5.3\bin;C:\Program Files\Java\jdk1.8.0_161\bin"/>
            <property name="env.ORIGINAL_TEMP" value="C:/Users/Jamel/AppData/Local/Temp"/>
            <property name="env.ORIGINAL_TMP" value="C:/Users/Jamel/AppData/Local/Temp"/>
            <property name="env.OS" value="Windows_NT"/>
            <property name="env.PATH" value="C:\Users\Jamel\bin;C:\Program Files\Git\mingw64\bin;C:\Program Files\Git\usr\local\bin;C:\Program Files\Git\usr\bin;C:\Program Files\Git\usr\bin;C:\Program Files\Git\mingw64\bin;C:\Program Files\Git\usr\bin;C:\Users\Jamel\bin;C:\ProgramData\Oracle\Java\javapath;C:\WINDOWS\system32;C:\WINDOWS;C:\WINDOWS\System32\Wbem;C:\WINDOWS\System32\WindowsPowerShell\v1.0;C:\Program Files\Git\cmd;C:\Program Files\dotnet;C:\Program Files\Python27;C:\Program Files\nodejs;C:\Program Files\maven-3.5.3\bin;C:\Program Files\Java\jdk1.8.0_161\bin;C:\Users\Jamel\scoop\shims;C:\Users\Jamel\AppData\Local\Microsoft\WindowsApps;C:\Program Files\Microsoft VS Code\bin;C:\Python27;C:\Program Files\Python27;C:\Users\Jamel\AppData\Roaming\Dashlane\5.8.0.17084\bin\Firefox_Extension\{442718d9-475e-452a-b3e1-fb1ee16b8e9f}\components;C:\Users\Jamel\AppData\Roaming\Dashlane\5.8.0.17084\ucrt;C:\Users\Jamel\AppData\Roaming\npm;C:\Users\Jamel\AppData\Local\Programs\MiKTeX 2.9\miktex\bin\x64;C:\Users\Jamel\AppData\Local\atom\bin;C:\Users\Jamel\AppData\Roaming\Dashlane\5.10.0.18444\bin\Firefox_Extension\{442718d9-475e-452a-b3e1-fb1ee16b8e9f}\components;C:\Users\Jamel\AppData\Roaming\Dashlane\5.10.0.18444\ucrt;C:\Program Files\maven-3.5.3\bin;C:\Program Files\Java\jdk1.8.0_161\bin;C:\Program Files\Git\usr\bin\vendor_perl;C:\Program Files\Git\usr\bin\core_perl"/>
            <property name="env.PATHEXT" value=".COM;.EXE;.BAT;.CMD;.VBS;.VBE;.JS;.JSE;.WSF;.WSH;.MSC;.PY;.PYW"/>
            <property name="env.PKG_CONFIG_PATH" value="C:\Program Files\Git\mingw64\lib\pkgconfig;C:\Program Files\Git\mingw64\share\pkgconfig"/>
            <property name="env.PLINK_PROTOCOL" value="ssh"/>
            <property name="env.PROCESSOR_ARCHITECTURE" value="AMD64"/>
            <property name="env.PROCESSOR_IDENTIFIER" value="Intel64 Family 6 Model 58 Stepping 9, GenuineIntel"/>
            <property name="env.PROCESSOR_LEVEL" value="6"/>
            <property name="env.PROCESSOR_REVISION" value="3a09"/>
            <property name="env.PROGRAMDATA" value="C:\ProgramData"/>
            <property name="env.PROGRAMFILES" value="C:\Program Files"/>
            <property name="env.PROGRAMFILES(X86)" value="C:\Program Files (x86)"/>
            <property name="env.PROGRAMW6432" value="C:\Program Files"/>
            <property name="env.PSMODULEPATH" value="C:\Program Files\WindowsPowerShell\Modules;C:\WINDOWS\system32\WindowsPowerShell\v1.0\Modules"/>
            <property name="env.PUBLIC" value="C:\Users\Public"/>
            <property name="env.PWD" value="C:/Users/Jamel/Downloads/runnerup-master/runnerup-master/app/myProject"/>
            <property name="env.SESSIONNAME" value="Console"/>
            <property name="env.SHELL" value="C:\Program Files\Git\usr\bin\bash.exe"/>
            <property name="env.SHLVL" value="1"/>
            <property name="env.SSH_ASKPASS" value="C:/Program Files/Git/mingw64/libexec/git-core/git-gui--askpass"/>
            <property name="env.SYSTEMDRIVE" value="C:"/>
            <property name="env.SYSTEMROOT" value="C:\WINDOWS"/>
            <property name="env.TEMP" value="C:\Users\Jamel\AppData\Local\Temp"/>
            <property name="env.TERM" value="xterm"/>
            <property name="env.TMP" value="C:\Users\Jamel\AppData\Local\Temp"/>
            <property name="env.TMPDIR" value="C:\Users\Jamel\AppData\Local\Temp"/>
            <property name="env.USERDOMAIN" value="DESKTOP-3H6T728"/>
            <property name="env.USERDOMAIN_ROAMINGPROFILE" value="DESKTOP-3H6T728"/>
            <property name="env.USERNAME" value="Jamel"/>
            <property name="env.USERPROFILE" value="C:\Users\Jamel"/>
            <property name="env.WINDIR" value="C:\WINDOWS"/>
            <property name="file.encoding" value="Cp1252"/>
            <property name="file.encoding.pkg" value="sun.io"/>
            <property name="file.separator" value="\"/>
            <property name="java.awt.graphicsenv" value="sun.awt.Win32GraphicsEnvironment"/>
            <property name="java.awt.printerjob" value="sun.awt.windows.WPrinterJob"/>
            <property name="java.class.path" value="C:/Program Files/maven-3.5.3/boot/plexus-classworlds-2.5.2.jar"/>
            <property name="java.class.version" value="52.0"/>
            <property name="java.endorsed.dirs" value="C:\Program Files\Java\jdk1.8.0_161\jre\lib\endorsed"/>
            <property name="java.ext.dirs" value="C:\Program Files\Java\jdk1.8.0_161\jre\lib\ext;C:\WINDOWS\Sun\Java\lib\ext"/>
            <property name="java.home" value="C:\Program Files\Java\jdk1.8.0_161\jre"/>
            <property name="java.io.tmpdir" value="C:\Users\Jamel\AppData\Local\Temp\"/>
            <property name="java.library.path" value="C:\Program Files\Java\jdk1.8.0_161\bin;C:\WINDOWS\Sun\Java\bin;C:\WINDOWS\system32;C:\WINDOWS;C:\Users\Jamel\bin;C:\Program Files\Git\mingw64\bin;C:\Program Files\Git\usr\local\bin;C:\Program Files\Git\usr\bin;C:\Program Files\Git\usr\bin;C:\Program Files\Git\mingw64\bin;C:\Program Files\Git\usr\bin;C:\Users\Jamel\bin;C:\ProgramData\Oracle\Java\javapath;C:\WINDOWS\system32;C:\WINDOWS;C:\WINDOWS\System32\Wbem;C:\WINDOWS\System32\WindowsPowerShell\v1.0;C:\Program Files\Git\cmd;C:\Program Files\dotnet;C:\Program Files\Python27;C:\Program Files\nodejs;C:\Program Files\maven-3.5.3\bin;C:\Program Files\Java\jdk1.8.0_161\bin;C:\Users\Jamel\scoop\shims;C:\Users\Jamel\AppData\Local\Microsoft\WindowsApps;C:\Program Files\Microsoft VS Code\bin;C:\Python27;C:\Program Files\Python27;C:\Users\Jamel\AppData\Roaming\Dashlane\5.8.0.17084\bin\Firefox_Extension\{442718d9-475e-452a-b3e1-fb1ee16b8e9f}\components;C:\Users\Jamel\AppData\Roaming\Dashlane\5.8.0.17084\ucrt;C:\Users\Jamel\AppData\Roaming\npm;C:\Users\Jamel\AppData\Local\Programs\MiKTeX 2.9\miktex\bin\x64;C:\Users\Jamel\AppData\Local\atom\bin;C:\Users\Jamel\AppData\Roaming\Dashlane\5.10.0.18444\bin\Firefox_Extension\{442718d9-475e-452a-b3e1-fb1ee16b8e9f}\components;C:\Users\Jamel\AppData\Roaming\Dashlane\5.10.0.18444\ucrt;C:\Program Files\maven-3.5.3\bin;C:\Program Files\Java\jdk1.8.0_161\bin;C:\Program Files\Git\usr\bin\vendor_perl;C:\Program Files\Git\usr\bin\core_perl;."/>
            <property name="java.runtime.name" value="Java(TM) SE Runtime Environment"/>
            <property name="java.runtime.version" value="1.8.0_161-b12"/>
            <property name="java.specification.name" value="Java Platform API Specification"/>
            <property name="java.specification.vendor" value="Oracle Corporation"/>
            <property name="java.specification.version" value="1.8"/>
            <property name="java.vendor" value="Oracle Corporation"/>
            <property name="java.vendor.url" value="http://java.oracle.com/"/>
            <property name="java.vendor.url.bug" value="http://bugreport.sun.com/bugreport/"/>
            <property name="java.version" value="1.8.0_161"/>
            <property name="java.vm.info" value="mixed mode"/>
            <property name="java.vm.name" value="Java HotSpot(TM) 64-Bit Server VM"/>
            <property name="java.vm.specification.name" value="Java Virtual Machine Specification"/>
            <property name="java.vm.specification.vendor" value="Oracle Corporation"/>
            <property name="java.vm.specification.version" value="1.8"/>
            <property name="java.vm.vendor" value="Oracle Corporation"/>
            <property name="java.vm.version" value="25.161-b12"/>
            <property name="library.jansi.path" value="C:/Program Files/maven-3.5.3/lib/jansi-native"/>
            <property name="line.separator" value="&#xD;&#xA;"/>
            <property name="maven.build.version" value="Apache Maven 3.5.3 (3383c37e1f9e9b3bc3df5050c29c8aff9f295297; 2018-02-24T20:49:05+01:00)"/>
            <property name="maven.conf" value="C:/Program Files/maven-3.5.3/conf"/>
            <property name="maven.home" value="C:\Program Files\maven-3.5.3"/>
            <property name="maven.multiModuleProjectDirectory" value="C:/Users/Jamel/Downloads/runnerup-master/runnerup-master/app/myProject"/>
            <property name="maven.version" value="3.5.3"/>
            <property name="os.arch" value="amd64"/>
            <property name="os.name" value="Windows 10"/>
            <property name="os.version" value="10.0"/>
            <property name="path.separator" value=";"/>
            <property name="sun.arch.data.model" value="64"/>
            <property name="sun.boot.class.path" value="C:\Program Files\Java\jdk1.8.0_161\jre\lib\resources.jar;C:\Program Files\Java\jdk1.8.0_161\jre\lib\rt.jar;C:\Program Files\Java\jdk1.8.0_161\jre\lib\sunrsasign.jar;C:\Program Files\Java\jdk1.8.0_161\jre\lib\jsse.jar;C:\Program Files\Java\jdk1.8.0_161\jre\lib\jce.jar;C:\Program Files\Java\jdk1.8.0_161\jre\lib\charsets.jar;C:\Program Files\Java\jdk1.8.0_161\jre\lib\jfr.jar;C:\Program Files\Java\jdk1.8.0_161\jre\classes"/>
            <property name="sun.boot.library.path" value="C:\Program Files\Java\jdk1.8.0_161\jre\bin"/>
            <property name="sun.cpu.endian" value="little"/>
            <property name="sun.cpu.isalist" value="amd64"/>
            <property name="sun.desktop" value="windows"/>
            <property name="sun.io.unicode.encoding" value="UnicodeLittle"/>
            <property name="sun.java.command" value="org.codehaus.plexus.classworlds.launcher.Launcher graphwalker:test"/>
            <property name="sun.java.launcher" value="SUN_STANDARD"/>
            <property name="sun.jnu.encoding" value="Cp1252"/>
            <property name="sun.management.compiler" value="HotSpot 64-Bit Tiered Compilers"/>
            <property name="sun.os.patch.level" value=""/>
            <property name="user.country" value="US"/>
            <property name="user.country.format" value="SE"/>
            <property name="user.dir" value="C:\Users\Jamel\Downloads\runnerup-master\runnerup-master\app\myProject"/>
            <property name="user.home" value="C:\Users\Jamel"/>
            <property name="user.language" value="en"/>
            <property name="user.name" value="Jamel"/>
            <property name="user.script" value=""/>
            <property name="user.timezone" value=""/>
            <property name="user.variant" value=""/>
        </properties>
        <testcase name="SomeSmallTest" time="0.086" classname="com.company.SomeSmallTest"/>
    </testsuite>
</testsuites>
